
---------------------------------------------

 F I N I T E   D I F F E R E N C E         
 D E M O   C O D E                           

 Running on 1 processors 

---------------------------------------------


Input Summary: 
--------------------------- 
No. PE   in  x-direction: 1
             y-direction: 1
No. Cells in x-direction: 1
             y-direction: 1

myPE: 0 x0 = 0
myPE: 0 x1 = 1
myPE: 0 y0 = 0
myPE: 0 y1 = 1
                                          
Form Linear System:                       
------------------------------------------
                                          
                                          
Solve Linear System:
------------------------------------------
                                          
Jacobi/GS converged in 2 iterations
                                          
Plot Results:
------------------------------------------
                                          
